# JRE version: Java(TM) SE Runtime Environment (7.0_40-b43) (build 1.7.0_40-b43)
# Java VM: Java HotSpot(TM) 64-Bit Server VM (24.0-b56 mixed mode windows-amd64 compressed oops)
Heap
 PSYoungGen      total 346624K, used 346592K [0x00000007d6c80000, 0x00000007f7180000, 0x0000000800000000)
  eden space 233472K, 100% used [0x00000007d6c80000,0x00000007e5080000,0x00000007e5080000)
  from space 113152K, 99% used [0x00000007edb80000,0x00000007f49f8010,0x00000007f4a00000)
  to   space 142336K, 99% used [0x00000007e5080000,0x00000007edb78020,0x00000007edb80000)
 ParOldGen       total 296960K, used 252572K [0x0000000784600000, 0x0000000796800000, 0x00000007d6c80000)
  object space 296960K, 85% used [0x0000000784600000,0x0000000793ca7230,0x0000000796800000)
 PSPermGen       total 21504K, used 2549K [0x000000077f400000, 0x0000000780900000, 0x0000000784600000)
  object space 21504K, 11% used [0x000000077f400000,0x000000077f67d448,0x0000000780900000)
GC Heap History (10 events):
Event: 24.197 GC heap after
Heap after GC invocations=9 (full 1):
 PSYoungGen      total 279552K, used 67552K [0x00000007d6c80000, 0x00000007efa00000, 0x0000000800000000)
  eden space 211968K, 0% used [0x00000007d6c80000,0x00000007d6c80000,0x00000007e3b80000)
  from space 67584K, 99% used [0x00000007e9100000,0x00000007ed2f8020,0x00000007ed300000)
  to   space 87552K, 0% used [0x00000007e3b80000,0x00000007e3b80000,0x00000007e9100000)
 ParOldGen       total 166400K, used 129524K [0x0000000784600000, 0x000000078e880000, 0x00000007d6c80000)
  object space 166400K, 77% used [0x0000000784600000,0x000000078c47d148,0x000000078e880000)
 PSPermGen       total 21504K, used 2549K [0x000000077f400000, 0x0000000780900000, 0x0000000784600000)
  object space 21504K, 11% used [0x000000077f400000,0x000000077f67d448,0x0000000780900000)
}
Event: 24.197 GC heap before
{Heap before GC invocations=10 (full 2):
 PSYoungGen      total 279552K, used 67552K [0x00000007d6c80000, 0x00000007efa00000, 0x0000000800000000)
  eden space 211968K, 0% used [0x00000007d6c80000,0x00000007d6c80000,0x00000007e3b80000)
  from space 67584K, 99% used [0x00000007e9100000,0x00000007ed2f8020,0x00000007ed300000)
  to   space 87552K, 0% used [0x00000007e3b80000,0x00000007e3b80000,0x00000007e9100000)
 ParOldGen       total 166400K, used 129524K [0x0000000784600000, 0x000000078e880000, 0x00000007d6c80000)
  object space 166400K, 77% used [0x0000000784600000,0x000000078c47d148,0x000000078e880000)
 PSPermGen       total 21504K, used 2549K [0x000000077f400000, 0x0000000780900000, 0x0000000784600000)
  object space 21504K, 11% used [0x000000077f400000,0x000000077f67d448,0x0000000780900000)
Event: 26.875 GC heap after
Heap after GC invocations=10 (full 2):
 PSYoungGen      total 279552K, used 29643K [0x00000007d6c80000, 0x00000007efa00000, 0x0000000800000000)
  eden space 211968K, 0% used [0x00000007d6c80000,0x00000007d6c80000,0x00000007e3b80000)
  from space 67584K, 43% used [0x00000007e9100000,0x00000007eadf2c68,0x00000007ed300000)
  to   space 87552K, 0% used [0x00000007e3b80000,0x00000007e3b80000,0x00000007e9100000)
 ParOldGen       total 166400K, used 166372K [0x0000000784600000, 0x000000078e880000, 0x00000007d6c80000)
  object space 166400K, 99% used [0x0000000784600000,0x000000078e879230,0x000000078e880000)
 PSPermGen       total 21504K, used 2549K [0x000000077f400000, 0x0000000780900000, 0x0000000784600000)
  object space 21504K, 11% used [0x000000077f400000,0x000000077f67d448,0x0000000780900000)
}
Event: 31.808 GC heap before
{Heap before GC invocations=11 (full 3):
 PSYoungGen      total 279552K, used 241611K [0x00000007d6c80000, 0x00000007efa00000, 0x0000000800000000)
  eden space 211968K, 100% used [0x00000007d6c80000,0x00000007e3b80000,0x00000007e3b80000)
  from space 67584K, 43% used [0x00000007e9100000,0x00000007eadf2c68,0x00000007ed300000)
  to   space 87552K, 0% used [0x00000007e3b80000,0x00000007e3b80000,0x00000007e9100000)
 ParOldGen       total 166400K, used 166372K [0x0000000784600000, 0x000000078e880000, 0x00000007d6c80000)
  object space 166400K, 99% used [0x0000000784600000,0x000000078e879230,0x000000078e880000)
 PSPermGen       total 21504K, used 2549K [0x000000077f400000, 0x0000000780900000, 0x0000000784600000)
  object space 21504K, 11% used [0x000000077f400000,0x000000077f67d448,0x0000000780900000)
Event: 34.718 GC heap after
Heap after GC invocations=11 (full 3):
 PSYoungGen      total 279552K, used 81732K [0x00000007d6c80000, 0x00000007efa00000, 0x0000000800000000)
  eden space 211968K, 38% used [0x00000007d6c80000,0x00000007dbc513d8,0x00000007e3b80000)
  from space 67584K, 0% used [0x00000007e9100000,0x00000007e9100000,0x00000007ed300000)
  to   space 87552K, 0% used [0x00000007e3b80000,0x00000007e3b80000,0x00000007e9100000)
 ParOldGen       total 296960K, used 166372K [0x0000000784600000, 0x0000000796800000, 0x00000007d6c80000)
  object space 296960K, 56% used [0x0000000784600000,0x000000078e879230,0x0000000796800000)
 PSPermGen       total 21504K, used 2549K [0x000000077f400000, 0x0000000780900000, 0x0000000784600000)
  object space 21504K, 11% used [0x000000077f400000,0x000000077f67d448,0x0000000780900000)
}
Event: 37.857 GC heap before
{Heap before GC invocations=12 (full 3):
 PSYoungGen      total 279552K, used 211968K [0x00000007d6c80000, 0x00000007efa00000, 0x0000000800000000)
  eden space 211968K, 100% used [0x00000007d6c80000,0x00000007e3b80000,0x00000007e3b80000)
  from space 67584K, 0% used [0x00000007e9100000,0x00000007e9100000,0x00000007ed300000)
  to   space 87552K, 0% used [0x00000007e3b80000,0x00000007e3b80000,0x00000007e9100000)
 ParOldGen       total 296960K, used 166372K [0x0000000784600000, 0x0000000796800000, 0x00000007d6c80000)
  object space 296960K, 56% used [0x0000000784600000,0x000000078e879230,0x0000000796800000)
 PSPermGen       total 21504K, used 2549K [0x000000077f400000, 0x0000000780900000, 0x0000000784600000)
  object space 21504K, 11% used [0x000000077f400000,0x000000077f67d448,0x0000000780900000)
Event: 38.755 GC heap after
Heap after GC invocations=12 (full 3):
 PSYoungGen      total 299520K, used 87552K [0x00000007d6c80000, 0x00000007f4a00000, 0x0000000800000000)
  eden space 211968K, 0% used [0x00000007d6c80000,0x00000007d6c80000,0x00000007e3b80000)
  from space 87552K, 100% used [0x00000007e3b80000,0x00000007e9100000,0x00000007e9100000)
  to   space 113152K, 0% used [0x00000007edb80000,0x00000007edb80000,0x00000007f4a00000)
 ParOldGen       total 296960K, used 192756K [0x0000000784600000, 0x0000000796800000, 0x00000007d6c80000)
  object space 296960K, 64% used [0x0000000784600000,0x000000079023d230,0x0000000796800000)
 PSPermGen       total 21504K, used 2549K [0x000000077f400000, 0x0000000780900000, 0x0000000784600000)
  object space 21504K, 11% used [0x000000077f400000,0x000000077f67d448,0x0000000780900000)
}
Event: 48.260 GC heap before
{Heap before GC invocations=13 (full 3):
 PSYoungGen      total 299520K, used 299520K [0x00000007d6c80000, 0x00000007f4a00000, 0x0000000800000000)
  eden space 211968K, 100% used [0x00000007d6c80000,0x00000007e3b80000,0x00000007e3b80000)
  from space 87552K, 100% used [0x00000007e3b80000,0x00000007e9100000,0x00000007e9100000)
  to   space 113152K, 0% used [0x00000007edb80000,0x00000007edb80000,0x00000007f4a00000)
 ParOldGen       total 296960K, used 192756K [0x0000000784600000, 0x0000000796800000, 0x00000007d6c80000)
  object space 296960K, 64% used [0x0000000784600000,0x000000079023d230,0x0000000796800000)
 PSPermGen       total 21504K, used 2549K [0x000000077f400000, 0x0000000780900000, 0x0000000784600000)
  object space 21504K, 11% used [0x000000077f400000,0x000000077f67d448,0x0000000780900000)
Event: 49.484 GC heap after
Heap after GC invocations=13 (full 3):
 PSYoungGen      total 346624K, used 113120K [0x00000007d6c80000, 0x00000007f7180000, 0x0000000800000000)
  eden space 233472K, 0% used [0x00000007d6c80000,0x00000007d6c80000,0x00000007e5080000)
  from space 113152K, 99% used [0x00000007edb80000,0x00000007f49f8010,0x00000007f4a00000)
  to   space 142336K, 0% used [0x00000007e5080000,0x00000007e5080000,0x00000007edb80000)
 ParOldGen       total 296960K, used 221420K [0x0000000784600000, 0x0000000796800000, 0x00000007d6c80000)
  object space 296960K, 74% used [0x0000000784600000,0x0000000791e3b230,0x0000000796800000)
 PSPermGen       total 21504K, used 2549K [0x000000077f400000, 0x0000000780900000, 0x0000000784600000)
  object space 21504K, 11% used [0x000000077f400000,0x000000077f67d448,0x0000000780900000)
}
Event: 58.377 GC heap before
{Heap before GC invocations=14 (full 3):
 PSYoungGen      total 346624K, used 346592K [0x00000007d6c80000, 0x00000007f7180000, 0x0000000800000000)
  eden space 233472K, 100% used [0x00000007d6c80000,0x00000007e5080000,0x00000007e5080000)
  from space 113152K, 99% used [0x00000007edb80000,0x00000007f49f8010,0x00000007f4a00000)
  to   space 142336K, 0% used [0x00000007e5080000,0x00000007e5080000,0x00000007edb80000)
 ParOldGen       total 296960K, used 221420K [0x0000000784600000, 0x0000000796800000, 0x00000007d6c80000)
  object space 296960K, 74% used [0x0000000784600000,0x0000000791e3b230,0x0000000796800000)
 PSPermGen       total 21504K, used 2549K [0x000000077f400000, 0x0000000780900000, 0x0000000784600000)
  object space 21504K, 11% used [0x000000077f400000,0x000000077f67d448,0x0000000780900000)

